Compiled jquery.js  (5ms)  (pid 61170)
Compiled jquery_ujs.js  (0ms)  (pid 61170)
Compiled twitter/bootstrap/bootstrap-transition.js  (0ms)  (pid 61170)
Compiled twitter/bootstrap/bootstrap-alert.js  (0ms)  (pid 61170)
Compiled twitter/bootstrap/bootstrap-modal.js  (0ms)  (pid 61170)
Compiled twitter/bootstrap/bootstrap-dropdown.js  (0ms)  (pid 61170)
Compiled twitter/bootstrap/bootstrap-scrollspy.js  (1ms)  (pid 61170)
Compiled twitter/bootstrap/bootstrap-tab.js  (0ms)  (pid 61170)
Compiled twitter/bootstrap/bootstrap-tooltip.js  (0ms)  (pid 61170)
Compiled twitter/bootstrap/bootstrap-popover.js  (0ms)  (pid 61170)
Compiled twitter/bootstrap/bootstrap-button.js  (0ms)  (pid 61170)
Compiled twitter/bootstrap/bootstrap-collapse.js  (0ms)  (pid 61170)
Compiled twitter/bootstrap/bootstrap-carousel.js  (0ms)  (pid 61170)
Compiled twitter/bootstrap/bootstrap-typeahead.js  (0ms)  (pid 61170)
Compiled twitter/bootstrap/bootstrap-affix.js  (0ms)  (pid 61170)
Compiled twitter/bootstrap.js  (142ms)  (pid 61170)
Compiled bootstrap.js  (170ms)  (pid 61170)
Compiled lib/abstract-chosen.js  (230ms)  (pid 61170)
Compiled lib/select-parser.js  (149ms)  (pid 61170)
Compiled chosen.jquery.js  (1616ms)  (pid 61170)
Compiled chosen-jquery.js  (2012ms)  (pid 61170)
Compiled jquery-ui.js  (33ms)  (pid 61170)
Compiled evaluations.js  (80ms)  (pid 61170)
Compiled highcharts.js  (6ms)  (pid 61170)
Compiled home.js  (63ms)  (pid 61170)
Compiled schools.js  (66ms)  (pid 61170)
Compiled statistics.js  (65ms)  (pid 61170)
Compiled upload.js  (94ms)  (pid 61170)
Compiled application.js  (2851ms)  (pid 61170)
Compiled chosen.css  (159ms)  (pid 61170)
Compiled bootstrap_and_overrides.css  (2161ms)  (pid 61170)
Compiled evaluations.css  (1ms)  (pid 61170)
Compiled home.css  (1ms)  (pid 61170)
Compiled scaffolds.css  (8ms)  (pid 61170)
Compiled schools.css  (1ms)  (pid 61170)
Compiled statistics.css  (1ms)  (pid 61170)
Compiled upload.css  (1ms)  (pid 61170)
Compiled application.css  (2390ms)  (pid 61170)
Compiled jquery.js  (4ms)  (pid 61170)
Compiled jquery_ujs.js  (0ms)  (pid 61170)
Compiled twitter/bootstrap/bootstrap-transition.js  (0ms)  (pid 61170)
Compiled twitter/bootstrap/bootstrap-alert.js  (1ms)  (pid 61170)
Compiled twitter/bootstrap/bootstrap-modal.js  (0ms)  (pid 61170)
Compiled twitter/bootstrap/bootstrap-dropdown.js  (0ms)  (pid 61170)
Compiled twitter/bootstrap/bootstrap-scrollspy.js  (0ms)  (pid 61170)
Compiled twitter/bootstrap/bootstrap-tab.js  (0ms)  (pid 61170)
Compiled twitter/bootstrap/bootstrap-tooltip.js  (0ms)  (pid 61170)
Compiled twitter/bootstrap/bootstrap-popover.js  (0ms)  (pid 61170)
Compiled twitter/bootstrap/bootstrap-button.js  (0ms)  (pid 61170)
Compiled twitter/bootstrap/bootstrap-collapse.js  (0ms)  (pid 61170)
Compiled twitter/bootstrap/bootstrap-carousel.js  (0ms)  (pid 61170)
Compiled twitter/bootstrap/bootstrap-typeahead.js  (0ms)  (pid 61170)
Compiled twitter/bootstrap/bootstrap-affix.js  (0ms)  (pid 61170)
Compiled twitter/bootstrap.js  (118ms)  (pid 61170)
Compiled bootstrap.js  (110ms)  (pid 61170)
Compiled lib/abstract-chosen.js  (216ms)  (pid 61170)
Compiled lib/select-parser.js  (109ms)  (pid 61170)
Compiled chosen.jquery.js  (1572ms)  (pid 61170)
Compiled chosen-jquery.js  (1946ms)  (pid 61170)
Compiled jquery-ui.js  (33ms)  (pid 61170)
Compiled evaluations.js  (78ms)  (pid 61170)
Compiled highcharts.js  (6ms)  (pid 61170)
Compiled home.js  (66ms)  (pid 61170)
Compiled schools.js  (68ms)  (pid 61170)
Compiled statistics.js  (64ms)  (pid 61170)
Compiled upload.js  (95ms)  (pid 61170)
Compiled application.js  (2694ms)  (pid 61170)
Compiled chosen.css  (128ms)  (pid 61170)
Compiled bootstrap_and_overrides.css  (2081ms)  (pid 61170)
Compiled evaluations.css  (1ms)  (pid 61170)
Compiled home.css  (1ms)  (pid 61170)
Compiled scaffolds.css  (7ms)  (pid 61170)
Compiled schools.css  (1ms)  (pid 61170)
Compiled statistics.css  (1ms)  (pid 61170)
Compiled upload.css  (2ms)  (pid 61170)
Compiled application.css  (2272ms)  (pid 61170)
